#
# A fatal error has been detected by the Java Runtime Environment:
#
#  SIGSEGV (0xb) at pc=0x0000000000000000, pid=8205, tid=139786036225792
#
# JRE version: 7.0_05-b21
# Java VM: OpenJDK 64-Bit Server VM (23.0-b21 mixed mode linux-amd64 compressed oops)
# Problematic frame:
# C  0x0000000000000000
#
# Failed to write core dump. Core dumps have been disabled. To enable core dumping, try "ulimit -c unlimited" before starting Java again
#
# If you would like to submit a bug report, please include
# instructions on how to reproduce the bug and visit:
#   http://icedtea.classpath.org/bugzilla
#

---------------  T H R E A D  ---------------

Current thread (0x00007f2274007800):  JavaThread "main" [_thread_in_Java, id=8207, stack(0x00007f2278f8a000,0x00007f227908b000)]

siginfo:si_signo=SIGSEGV: si_errno=0, si_code=1 (SEGV_MAPERR), si_addr=0x0000000000000000

Registers:
RAX=0x0000000000000000, RBX=0x00000000d5a171f8, RCX=0x00000000f5560d98, RDX=0x000000000c800001
RSP=0x00007f2279088ae0, RBP=0x00007f2279088b30, RSI=0x0000000000000000, RDI=0x00007f2274007800
R8 =0x00007f2271005400, R9 =0x0000000000000001, R10=0x00007f227a57df80, R11=0x0000000000000001
R12=0x0000000000000000, R13=0x00007f2279088ae8, R14=0x00007f2279088b38, R15=0x00007f2274007800
RIP=0x0000000000000000, EFLAGS=0x0000000000010246, CSGSFS=0x0000000000000033, ERR=0x0000000000000014
  TRAPNO=0x000000000000000e

Top of Stack: (sp=0x00007f2279088ae0)
0x00007f2279088ae0:   00007f2271006450 00000000f5560d98
0x00007f2279088af0:   00007f2279088af0 00000000d5a27f3b
0x00007f2279088b00:   00007f2279088b38 00000000d5abb060
0x00007f2279088b10:   0000000000000000 00000000d5a27f78
0x00007f2279088b20:   00007f2279088ae8 00007f2279088b40
0x00007f2279088b30:   00007f2279088ba0 00007f22710004f7
0x00007f2279088b40:   00007f2200001fa0 0000000000000000
0x00007f2279088b50:   00007f2279088ca0 00007f2279088cb0
0x00007f2279088b60:   00007f2274007800 00007f22740082e8
0x00007f2279088b70:   00007f2279088c00 00007f2279088ca8
0x00007f2279088b80:   00007f220000000a 00000000d5a27f78
0x00007f2279088b90:   00007f22710103a0 00007f2279088cb8
0x00007f2279088ba0:   00007f2279088c70 00007f2279deef8e
0x00007f2279088bb0:   00007f2200000000 00007f2274007800
0x00007f2279088bc0:   00007f22710103a0 00007f220000000a
0x00007f2279088bd0:   00007f2274007800 00007f2274006ad0
0x00007f2279088be0:   00007f2274008130 00007f22740082f0
0x00007f2279088bf0:   00007f2274008518 00007f2279088e70
0x00007f2279088c00:   00007f2274007800 00007f22740a22b0
0x00007f2279088c10:   00000000d5a27f78 0000000000000000
0x00007f2279088c20:   00007f2279089500 00007f2271011f44
0x00007f2279088c30:   00007f2279089550 00007f2279088ca0
0x00007f2279088c40:   00007f2274008518 00000000d5a27f78
0x00007f2279088c50:   00007f2274006ad0 00007f2274007800
0x00007f2279088c60:   00000000d5a02d88 00007f2274008238
0x00007f2279088c70:   00007f2279088c90 00007f2279deea35
0x00007f2279088c80:   00007f22740082e8 00007f2274008238
0x00007f2279088c90:   00007f2279088d50 00007f2279dadbd1
0x00007f2279088ca0:   00007f220000000e 00007f2274006ad0
0x00007f2279088cb0:   0000000000000001 0000000000000001
0x00007f2279088cc0:   00007f22740082d8 00007f227a56fbe0
0x00007f2279088cd0:   00007f2279088d10 00007f2279fa87ac 

Instructions: (pc=0x0000000000000000)
0xffffffffffffffe0:   

Register to memory mapping:

RAX=0x0000000000000000 is an unknown value
RBX=0x00000000d5a171f8 is an oop
{method} 
 - klass: {other class}
RCX=0x00000000f5560d98 is an oop
java.lang.Class 
 - klass: 'java/lang/Class'
RDX=0x000000000c800001 is an unknown value
RSP=0x00007f2279088ae0 is pointing into the stack for thread: 0x00007f2274007800
RBP=0x00007f2279088b30 is pointing into the stack for thread: 0x00007f2274007800
RSI=0x0000000000000000 is an unknown value
RDI=0x00007f2274007800 is a thread
R8 =0x00007f2271005400 is an unknown value
R9 =0x0000000000000001 is an unknown value
R10=0x00007f227a57df80: <offset 0xcb5f80> in /usr/lib/jvm/java-7-openjdk/jre/lib/amd64/server/libjvm.so at 0x00007f22798c8000
R11=0x0000000000000001 is an unknown value
R12=0x0000000000000000 is an unknown value
R13=0x00007f2279088ae8 is pointing into the stack for thread: 0x00007f2274007800
R14=0x00007f2279088b38 is pointing into the stack for thread: 0x00007f2274007800
R15=0x00007f2274007800 is a thread


Stack: [0x00007f2278f8a000,0x00007f227908b000],  sp=0x00007f2279088ae0,  free space=1018k

---------------  P R O C E S S  ---------------

Java Threads: ( => current thread )
=>0x00007f2274007800 JavaThread "main" [_thread_in_Java, id=8207, stack(0x00007f2278f8a000,0x00007f227908b000)]

Other Threads:
  0x00007f22740a0800 VMThread [stack: 0x00007f226ee1e000,0x00007f226ef1f000] [id=8210]

VM state:not at safepoint (normal execution)

VM Mutex/Monitor currently owned by a thread: None

Heap
 PSYoungGen      total 14080K, used 242K [0x00000000f5560000, 0x00000000f6510000, 0x0000000100000000)
  eden space 12096K, 2% used [0x00000000f5560000,0x00000000f559c818,0x00000000f6130000)
  from space 1984K, 0% used [0x00000000f6320000,0x00000000f6320000,0x00000000f6510000)
  to   space 1984K, 0% used [0x00000000f6130000,0x00000000f6130000,0x00000000f6320000)
 ParOldGen       total 32192K, used 0K [0x00000000e0000000, 0x00000000e1f70000, 0x00000000f5560000)
  object space 32192K, 0% used [0x00000000e0000000,0x00000000e0000000,0x00000000e1f70000)
 PSPermGen       total 21248K, used 892K [0x00000000d5a00000, 0x00000000d6ec0000, 0x00000000e0000000)
  object space 21248K, 4% used [0x00000000d5a00000,0x00000000d5adf2e0,0x00000000d6ec0000)

Code Cache  [0x00007f2271000000, 0x00007f2271270000, 0x00007f2274000000)
 total_blobs=60 nmethods=0 adapters=36 free_code_cache=48826Kb largest_free_block=49997888

Compilation events (0 events):
No events

GC Heap History (0 events):
No events

Deoptimization events (0 events):
No events

Internal exceptions (0 events):
No events

Events (10 events):
Event: 0.032 loading class 0x00007f2274026cc0 done
Event: 0.032 loading class 0x00007f2274026c90 done
Event: 0.032 loading class 0x00007f227405b010
Event: 0.032 loading class 0x00007f227405b010 done
Event: 0.032 loading class 0x00007f2274064f30
Event: 0.032 loading class 0x00007f2274064f30 done
Event: 0.033 loading class 0x00007f2274076360
Event: 0.033 loading class 0x00007f2274076360 done
Event: 0.033 loading class 0x00007f2274076390
Event: 0.033 loading class 0x00007f2274076390 done


Dynamic libraries:
00400000-00401000 r-xp 00000000 08:02 152708                             /usr/lib/jvm/java-7-openjdk/jre/bin/java
00600000-00601000 rw-p 00000000 08:02 152708                             /usr/lib/jvm/java-7-openjdk/jre/bin/java
00b78000-00b99000 rw-p 00000000 00:00 0                                  [heap]
d5a00000-d6ec0000 rw-p 00000000 00:00 0 
d6ec0000-e0000000 rw-p 00000000 00:00 0 
e0000000-e1f70000 rw-p 00000000 00:00 0 
e1f70000-f5560000 rw-p 00000000 00:00 0 
f5560000-f6510000 rw-p 00000000 00:00 0 
f6510000-100000000 rw-p 00000000 00:00 0 
7f225fab4000-7f2260000000 rw-p 00000000 00:00 0 
7f2260000000-7f2260021000 rw-p 00000000 00:00 0 
7f2260021000-7f2264000000 ---p 00000000 00:00 0 
7f2264000000-7f2264021000 rw-p 00000000 00:00 0 
7f2264021000-7f2268000000 ---p 00000000 00:00 0 
7f2268000000-7f2268021000 rw-p 00000000 00:00 0 
7f2268021000-7f226c000000 ---p 00000000 00:00 0 
7f226ed1d000-7f226ee1e000 rw-p 00000000 00:00 0 
7f226ee1e000-7f226ee1f000 ---p 00000000 00:00 0 
7f226ee1f000-7f226f8f8000 rw-p 00000000 00:00 0                          [stack:8210]
7f226f8f8000-7f226faa8000 r--s 03ebf000 08:02 49034                      /usr/lib/jvm/java-7-openjdk/jre/lib/rt.jar
7f226faa8000-7f2271000000 rw-p 00000000 00:00 0 
7f2271000000-7f2271270000 rwxp 00000000 00:00 0 
7f2271270000-7f22740a9000 rw-p 00000000 00:00 0 
7f22740a9000-7f2278000000 ---p 00000000 00:00 0 
7f22781db000-7f22781dc000 ---p 00000000 00:00 0 
7f22781dc000-7f22782dc000 rw-p 00000000 00:00 0                          [stack:8209]
7f22782dc000-7f22782dd000 ---p 00000000 00:00 0 
7f22782dd000-7f22783e8000 rw-p 00000000 00:00 0                          [stack:8208]
7f22783e8000-7f2278430000 rw-p 00000000 00:00 0 
7f2278430000-7f2278440000 rw-p 00000000 00:00 0 
7f2278440000-7f22784da000 rw-p 00000000 00:00 0 
7f22784da000-7f22784e3000 rw-p 00000000 00:00 0 
7f22784e3000-7f2278530000 rw-p 00000000 00:00 0 
7f2278530000-7f2278531000 rw-p 00000000 00:00 0 
7f2278531000-7f2278539000 r-xp 00000000 08:02 64233                      /usr/lib/jvm/java-7-openjdk/jre/lib/amd64/libzip.so
7f2278539000-7f2278738000 ---p 00008000 08:02 64233                      /usr/lib/jvm/java-7-openjdk/jre/lib/amd64/libzip.so
7f2278738000-7f2278739000 rw-p 00007000 08:02 64233                      /usr/lib/jvm/java-7-openjdk/jre/lib/amd64/libzip.so
7f2278739000-7f2278745000 r-xp 00000000 08:02 2908                       /usr/lib/libnss_files-2.16.so
7f2278745000-7f2278944000 ---p 0000c000 08:02 2908                       /usr/lib/libnss_files-2.16.so
7f2278944000-7f2278945000 r--p 0000b000 08:02 2908                       /usr/lib/libnss_files-2.16.so
7f2278945000-7f2278946000 rw-p 0000c000 08:02 2908                       /usr/lib/libnss_files-2.16.so
7f2278946000-7f2278970000 r-xp 00000000 08:02 64307                      /usr/lib/jvm/java-7-openjdk/jre/lib/amd64/libjava.so
7f2278970000-7f2278b70000 ---p 0002a000 08:02 64307                      /usr/lib/jvm/java-7-openjdk/jre/lib/amd64/libjava.so
7f2278b70000-7f2278b72000 rw-p 0002a000 08:02 64307                      /usr/lib/jvm/java-7-openjdk/jre/lib/amd64/libjava.so
7f2278b72000-7f2278b81000 r-xp 00000000 08:02 64041                      /usr/lib/jvm/java-7-openjdk/jre/lib/amd64/libverify.so
7f2278b81000-7f2278d80000 ---p 0000f000 08:02 64041                      /usr/lib/jvm/java-7-openjdk/jre/lib/amd64/libverify.so
7f2278d80000-7f2278d82000 rw-p 0000e000 08:02 64041                      /usr/lib/jvm/java-7-openjdk/jre/lib/amd64/libverify.so
7f2278d82000-7f2278d89000 r-xp 00000000 08:02 2911                       /usr/lib/librt-2.16.so
7f2278d89000-7f2278f88000 ---p 00007000 08:02 2911                       /usr/lib/librt-2.16.so
7f2278f88000-7f2278f89000 r--p 00006000 08:02 2911                       /usr/lib/librt-2.16.so
7f2278f89000-7f2278f8a000 rw-p 00007000 08:02 2911                       /usr/lib/librt-2.16.so
7f2278f8a000-7f2278f8d000 ---p 00000000 00:00 0 
7f2278f8d000-7f227908b000 rw-p 00000000 00:00 0                          [stack:8207]
7f227908b000-7f22790a0000 r-xp 00000000 08:02 93256                      /usr/lib/libgcc_s.so.1
7f22790a0000-7f227929f000 ---p 00015000 08:02 93256                      /usr/lib/libgcc_s.so.1
7f227929f000-7f22792a0000 rw-p 00014000 08:02 93256                      /usr/lib/libgcc_s.so.1
7f22792a0000-7f2279399000 r-xp 00000000 08:02 2887                       /usr/lib/libm-2.16.so
7f2279399000-7f2279598000 ---p 000f9000 08:02 2887                       /usr/lib/libm-2.16.so
7f2279598000-7f2279599000 r--p 000f8000 08:02 2887                       /usr/lib/libm-2.16.so
7f2279599000-7f227959a000 rw-p 000f9000 08:02 2887                       /usr/lib/libm-2.16.so
7f227959a000-7f227967f000 r-xp 00000000 08:02 7121                       /usr/lib/libstdc++.so.6.0.17
7f227967f000-7f227987e000 ---p 000e5000 08:02 7121                       /usr/lib/libstdc++.so.6.0.17
7f227987e000-7f2279886000 r--p 000e4000 08:02 7121                       /usr/lib/libstdc++.so.6.0.17
7f2279886000-7f2279888000 rw-p 000ec000 08:02 7121                       /usr/lib/libstdc++.so.6.0.17
7f2279888000-7f227989d000 rw-p 00000000 00:00 0 
7f22798c8000-7f227a2bd000 r-xp 00000000 08:02 68119                      /usr/lib/jvm/java-7-openjdk/jre/lib/amd64/server/libjvm.so
7f227a2bd000-7f227a4bd000 ---p 009f5000 08:02 68119                      /usr/lib/jvm/java-7-openjdk/jre/lib/amd64/server/libjvm.so
7f227a4bd000-7f227a55e000 rw-p 009f5000 08:02 68119                      /usr/lib/jvm/java-7-openjdk/jre/lib/amd64/server/libjvm.so
7f227a55e000-7f227a588000 rw-p 00000000 00:00 0 
7f227a588000-7f227a723000 r-xp 00000000 08:02 2895                       /usr/lib/libc-2.16.so
7f227a723000-7f227a922000 ---p 0019b000 08:02 2895                       /usr/lib/libc-2.16.so
7f227a922000-7f227a926000 r--p 0019a000 08:02 2895                       /usr/lib/libc-2.16.so
7f227a926000-7f227a928000 rw-p 0019e000 08:02 2895                       /usr/lib/libc-2.16.so
7f227a928000-7f227a92c000 rw-p 00000000 00:00 0 
7f227a92c000-7f227a92f000 r-xp 00000000 08:02 2921                       /usr/lib/libdl-2.16.so
7f227a92f000-7f227ab2e000 ---p 00003000 08:02 2921                       /usr/lib/libdl-2.16.so
7f227ab2e000-7f227ab2f000 r--p 00002000 08:02 2921                       /usr/lib/libdl-2.16.so
7f227ab2f000-7f227ab30000 rw-p 00003000 08:02 2921                       /usr/lib/libdl-2.16.so
7f227ab30000-7f227ab45000 r-xp 00000000 08:02 6881                       /usr/lib/libz.so.1.2.7
7f227ab45000-7f227ad44000 ---p 00015000 08:02 6881                       /usr/lib/libz.so.1.2.7
7f227ad44000-7f227ad45000 r--p 00014000 08:02 6881                       /usr/lib/libz.so.1.2.7
7f227ad45000-7f227ad46000 rw-p 00015000 08:02 6881                       /usr/lib/libz.so.1.2.7
7f227ad46000-7f227ad52000 r-xp 00000000 08:02 68314                      /usr/lib/jvm/java-7-openjdk/jre/lib/amd64/jli/libjli.so
7f227ad52000-7f227af52000 ---p 0000c000 08:02 68314                      /usr/lib/jvm/java-7-openjdk/jre/lib/amd64/jli/libjli.so
7f227af52000-7f227af53000 rw-p 0000c000 08:02 68314                      /usr/lib/jvm/java-7-openjdk/jre/lib/amd64/jli/libjli.so
7f227af53000-7f227af6a000 r-xp 00000000 08:02 2901                       /usr/lib/libpthread-2.16.so
7f227af6a000-7f227b169000 ---p 00017000 08:02 2901                       /usr/lib/libpthread-2.16.so
7f227b169000-7f227b16a000 r--p 00016000 08:02 2901                       /usr/lib/libpthread-2.16.so
7f227b16a000-7f227b16b000 rw-p 00017000 08:02 2901                       /usr/lib/libpthread-2.16.so
7f227b16b000-7f227b16f000 rw-p 00000000 00:00 0 
7f227b16f000-7f227b190000 r-xp 00000000 08:02 2912                       /usr/lib/ld-2.16.so
7f227b199000-7f227b1a4000 rw-p 00000000 00:00 0 
7f227b1a4000-7f227b1ec000 rw-p 00000000 00:00 0 
7f227b1ec000-7f227b1fc000 rw-p 00000000 00:00 0 
7f227b1fc000-7f227b297000 rw-p 00000000 00:00 0 
7f227b297000-7f227b2a1000 rw-p 00000000 00:00 0 
7f227b2a1000-7f227b357000 rw-p 00000000 00:00 0 
7f227b357000-7f227b35f000 rw-s 00000000 00:10 242176                     /tmp/hsperfdata_miguel/8205
7f227b35f000-7f227b364000 rw-p 00000000 00:00 0 
7f227b38d000-7f227b38e000 rw-p 00000000 00:00 0 
7f227b38e000-7f227b38f000 r--p 00000000 00:00 0 
7f227b38f000-7f227b390000 rw-p 00000000 00:00 0 
7f227b390000-7f227b391000 r--p 00021000 08:02 2912                       /usr/lib/ld-2.16.so
7f227b391000-7f227b392000 rw-p 00022000 08:02 2912                       /usr/lib/ld-2.16.so
7f227b392000-7f227b393000 rw-p 00000000 00:00 0 
7fffb9390000-7fffb93b1000 rw-p 00000000 00:00 0                          [stack]
7fffb93ff000-7fffb9400000 r-xp 00000000 00:00 0                          [vdso]
ffffffffff600000-ffffffffff601000 r-xp 00000000 00:00 0                  [vsyscall]

VM Arguments:
jvm_args: -Xmx512m -Dclassworlds.conf=/opt/maven/bin/m2.conf -Dmaven.home=/opt/maven 
java_command: org.codehaus.plexus.classworlds.launcher.Launcher clean install -Dmaven.test.skip=true
Launcher Type: SUN_STANDARD

Environment Variables:
JAVA_HOME=/usr/lib/jvm/java-7-openjdk
PATH=/usr/local/bin:/usr/bin:/bin:/usr/local/sbin:/usr/sbin:/sbin:/usr/bin/vendor_perl:/usr/bin/core_perl:/opt/qt/bin
USERNAME=miguel
SHELL=/bin/zsh
DISPLAY=:0

Signal Handlers:
SIGSEGV: [libjvm.so+0x8543e0], sa_mask[0]=0x7ffbfeff, sa_flags=0x10000004
SIGBUS: [libjvm.so+0x8543e0], sa_mask[0]=0x7ffbfeff, sa_flags=0x10000004
SIGFPE: [libjvm.so+0x6f5440], sa_mask[0]=0x7ffbfeff, sa_flags=0x10000004
SIGPIPE: [libjvm.so+0x6f5440], sa_mask[0]=0x7ffbfeff, sa_flags=0x10000004
SIGXFSZ: [libjvm.so+0x6f5440], sa_mask[0]=0x7ffbfeff, sa_flags=0x10000004
SIGILL: [libjvm.so+0x6f5440], sa_mask[0]=0x7ffbfeff, sa_flags=0x10000004
SIGUSR1: SIG_DFL, sa_mask[0]=0x00000000, sa_flags=0x00000000
SIGUSR2: [libjvm.so+0x6f5690], sa_mask[0]=0x00000000, sa_flags=0x10000004
SIGHUP: SIG_DFL, sa_mask[0]=0x00000000, sa_flags=0x00000000
SIGINT: SIG_DFL, sa_mask[0]=0x00000000, sa_flags=0x00000000
SIGTERM: SIG_DFL, sa_mask[0]=0x00000000, sa_flags=0x00000000
SIGQUIT: SIG_DFL, sa_mask[0]=0x00000000, sa_flags=0x00000000


---------------  S Y S T E M  ---------------

OS:Linux
uname:Linux 3.5.0-2-ARCH #1 SMP PREEMPT Sun Jul 29 21:59:24 CEST 2012 x86_64
libc:glibc 2.16 NPTL 2.16 
rlimit: STACK 8192k, CORE 0k, NPROC 300, NOFILE 4096, AS infinity
load average:0.33 0.49 0.41

/proc/meminfo:
MemTotal:        3087224 kB
MemFree:          211080 kB
Buffers:           79208 kB
Cached:           734532 kB
SwapCached:         4256 kB
Active:          1789128 kB
Inactive:         807316 kB
Active(anon):    1332100 kB
Inactive(anon):   461796 kB
Active(file):     457028 kB
Inactive(file):   345520 kB
Unevictable:         188 kB
Mlocked:             188 kB
SwapTotal:       2931856 kB
SwapFree:        2901288 kB
Dirty:               476 kB
Writeback:             0 kB
AnonPages:       1777536 kB
Mapped:           173300 kB
Shmem:             11192 kB
Slab:             163304 kB
SReclaimable:     140308 kB
SUnreclaim:        22996 kB
KernelStack:        3696 kB
PageTables:        24704 kB
NFS_Unstable:          0 kB
Bounce:                0 kB
WritebackTmp:          0 kB
CommitLimit:     4475468 kB
Committed_AS:    3941872 kB
VmallocTotal:   34359738367 kB
VmallocUsed:      346496 kB
VmallocChunk:   34359364091 kB
HardwareCorrupted:     0 kB
AnonHugePages:   1042432 kB
HugePages_Total:       0
HugePages_Free:        0
HugePages_Rsvd:        0
HugePages_Surp:        0
Hugepagesize:       2048 kB
DirectMap4k:      126656 kB
DirectMap2M:     1970176 kB


CPU:total 2 (2 cores per cpu, 1 threads per core) family 6 model 23 stepping 6, cmov, cx8, fxsr, mmx, sse, sse2, sse3, ssse3, sse4.1, tsc

/proc/cpuinfo:
processor	: 0
vendor_id	: GenuineIntel
cpu family	: 6
model		: 23
model name	: Intel(R) Core(TM)2 Duo CPU     T8300  @ 2.40GHz
stepping	: 6
microcode	: 0x607
cpu MHz		: 1200.000
cache size	: 3072 KB
physical id	: 0
siblings	: 2
core id		: 0
cpu cores	: 2
apicid		: 0
initial apicid	: 0
fpu		: yes
fpu_exception	: yes
cpuid level	: 10
wp		: yes
flags		: fpu vme de pse tsc msr pae mce cx8 apic sep mtrr pge mca cmov pat pse36 clflush dts acpi mmx fxsr sse sse2 ss ht tm pbe syscall nx lm constant_tsc arch_perfmon pebs bts rep_good nopl aperfmperf pni dtes64 monitor ds_cpl vmx est tm2 ssse3 cx16 xtpr pdcm sse4_1 lahf_lm ida dtherm tpr_shadow vnmi flexpriority
bogomips	: 4790.59
clflush size	: 64
cache_alignment	: 64
address sizes	: 36 bits physical, 48 bits virtual
power management:

processor	: 1
vendor_id	: GenuineIntel
cpu family	: 6
model		: 23
model name	: Intel(R) Core(TM)2 Duo CPU     T8300  @ 2.40GHz
stepping	: 6
microcode	: 0x607
cpu MHz		: 2401.000
cache size	: 3072 KB
physical id	: 0
siblings	: 2
core id		: 1
cpu cores	: 2
apicid		: 1
initial apicid	: 1
fpu		: yes
fpu_exception	: yes
cpuid level	: 10
wp		: yes
flags		: fpu vme de pse tsc msr pae mce cx8 apic sep mtrr pge mca cmov pat pse36 clflush dts acpi mmx fxsr sse sse2 ss ht tm pbe syscall nx lm constant_tsc arch_perfmon pebs bts rep_good nopl aperfmperf pni dtes64 monitor ds_cpl vmx est tm2 ssse3 cx16 xtpr pdcm sse4_1 lahf_lm ida dtherm tpr_shadow vnmi flexpriority
bogomips	: 4790.59
clflush size	: 64
cache_alignment	: 64
address sizes	: 36 bits physical, 48 bits virtual
power management:



Memory: 4k page, physical 3087224k(211080k free), swap 2931856k(2901288k free)

vm_info: OpenJDK 64-Bit Server VM (23.0-b21) for linux-amd64 JRE (1.7.0_05-b21), built on Jun 14 2012 13:48:11 by "nobody" with gcc 4.7.0 20120505 (prerelease)

time: Sat Aug 11 19:05:46 2012
elapsed time: 0 seconds

